{
  "stats": {
    "suites": 12,
    "tests": 41,
    "passes": 0,
    "pending": 0,
    "failures": 41,
    "start": "2022-07-04T18:01:39.270Z",
    "end": "2022-07-04T18:04:40.040Z",
    "duration": 180770,
    "testsRegistered": 41,
    "passPercent": 0,
    "pendingPercent": 0,
    "other": 0,
    "hasOther": false,
    "skipped": 0,
    "hasSkipped": false
  },
  "results": [
    {
      "uuid": "dddb3d04-4b2f-4109-8a11-e012a0a6ec61",
      "title": "",
      "fullFile": "cypress/integration/project.spec.js",
      "file": "cypress/integration/project.spec.js",
      "beforeHooks": [],
      "afterHooks": [],
      "tests": [],
      "suites": [
        {
          "uuid": "383147bf-3335-4a04-9316-ead707494727",
          "title": "1 - Adicione à página o título \"Paleta de Cores\".",
          "fullFile": "",
          "file": "",
          "beforeHooks": [],
          "afterHooks": [],
          "tests": [
            {
              "title": "Verifica se contém um elemento `h1` com o id `title` com o título correto",
              "fullTitle": "1 - Adicione à página o título \"Paleta de Cores\". Verifica se contém um elemento `h1` com o id `title` com o título correto",
              "timedOut": null,
              "duration": 4436,
              "state": "failed",
              "speed": null,
              "pass": false,
              "fail": true,
              "pending": false,
              "context": null,
              "code": "cy.get('h1#title').should('contain.text', 'Paleta de Cores');",
              "err": {
                "message": "CypressError: Timed out retrying: Expected to find element: 'h1#title', but never found it.",
                "estack": "CypressError: Timed out retrying: Expected to find element: 'h1#title', but never found it.\n    at cypressErr (http://localhost:36215/__cypress/runner/cypress_runner.js:149934:9)\n    at throwErr (http://localhost:36215/__cypress/runner/cypress_runner.js:149867:11)\n    at Object.throwErrByPath (http://localhost:36215/__cypress/runner/cypress_runner.js:149915:3)\n    at retry (http://localhost:36215/__cypress/runner/cypress_runner.js:144197:19)\n    at onFailFn (http://localhost:36215/__cypress/runner/cypress_runner.js:132448:16)\n    at tryCatcher (http://localhost:36215/__cypress/runner/cypress_runner.js:167415:23)\n    at Promise._settlePromiseFromHandler (http://localhost:36215/__cypress/runner/cypress_runner.js:165351:31)\n    at Promise._settlePromise (http://localhost:36215/__cypress/runner/cypress_runner.js:165408:18)\n    at Promise._settlePromise0 (http://localhost:36215/__cypress/runner/cypress_runner.js:165453:10)\n    at Promise._settlePromises (http://localhost:36215/__cypress/runner/cypress_runner.js:165528:18)\n    at Async../node_modules/bluebird/js/release/async.js.Async._drainQueue (http://localhost:36215/__cypress/runner/cypress_runner.js:162140:16)\n    at Async../node_modules/bluebird/js/release/async.js.Async._drainQueues (http://localhost:36215/__cypress/runner/cypress_runner.js:162150:10)\n    at Async.drainQueues (http://localhost:36215/__cypress/runner/cypress_runner.js:162024:14)",
                "diff": null
              },
              "uuid": "49a8305f-a0f8-4cda-85d2-1deeba89f1f0",
              "parentUUID": "383147bf-3335-4a04-9316-ead707494727",
              "isHook": false,
              "skipped": false
            }
          ],
          "suites": [],
          "passes": [],
          "failures": [
            "49a8305f-a0f8-4cda-85d2-1deeba89f1f0"
          ],
          "pending": [],
          "skipped": [],
          "duration": 4436,
          "root": false,
          "rootEmpty": false,
          "_timeout": 2000
        },
        {
          "uuid": "1fe7c2a6-699a-448f-9b66-7b7d37f704dc",
          "title": "2 - Adicione à página uma paleta de quatro cores distintas.",
          "fullFile": "",
          "file": "",
          "beforeHooks": [],
          "afterHooks": [],
          "tests": [
            {
              "title": "A paleta de cores deve ser um elemento com `id` denominado `color-palette` e ter mais de 0px de altura e de largura.",
              "fullTitle": "2 - Adicione à página uma paleta de quatro cores distintas. A paleta de cores deve ser um elemento com `id` denominado `color-palette` e ter mais de 0px de altura e de largura.",
              "timedOut": null,
              "duration": 4333,
              "state": "failed",
              "speed": null,
              "pass": false,
              "fail": true,
              "pending": false,
              "context": null,
              "code": "cy.get('#color-palette').should('be.visible');\ncy.get('#color-palette').children('.color');",
              "err": {
                "message": "CypressError: Timed out retrying: Expected to find element: '#color-palette', but never found it.",
                "estack": "CypressError: Timed out retrying: Expected to find element: '#color-palette', but never found it.\n    at cypressErr (http://localhost:36215/__cypress/runner/cypress_runner.js:149934:9)\n    at throwErr (http://localhost:36215/__cypress/runner/cypress_runner.js:149867:11)\n    at Object.throwErrByPath (http://localhost:36215/__cypress/runner/cypress_runner.js:149915:3)\n    at retry (http://localhost:36215/__cypress/runner/cypress_runner.js:144197:19)\n    at onFailFn (http://localhost:36215/__cypress/runner/cypress_runner.js:132448:16)\n    at tryCatcher (http://localhost:36215/__cypress/runner/cypress_runner.js:167415:23)\n    at Promise._settlePromiseFromHandler (http://localhost:36215/__cypress/runner/cypress_runner.js:165351:31)\n    at Promise._settlePromise (http://localhost:36215/__cypress/runner/cypress_runner.js:165408:18)\n    at Promise._settlePromise0 (http://localhost:36215/__cypress/runner/cypress_runner.js:165453:10)\n    at Promise._settlePromises (http://localhost:36215/__cypress/runner/cypress_runner.js:165528:18)\n    at Async../node_modules/bluebird/js/release/async.js.Async._drainQueue (http://localhost:36215/__cypress/runner/cypress_runner.js:162140:16)\n    at Async../node_modules/bluebird/js/release/async.js.Async._drainQueues (http://localhost:36215/__cypress/runner/cypress_runner.js:162150:10)\n    at Async.drainQueues (http://localhost:36215/__cypress/runner/cypress_runner.js:162024:14)",
                "diff": null
              },
              "uuid": "49093426-da39-4e9f-a2bd-7ae48e13bf1c",
              "parentUUID": "1fe7c2a6-699a-448f-9b66-7b7d37f704dc",
              "isHook": false,
              "skipped": false
            },
            {
              "title": "Verifica se cada cor individual da paleta de cores possui a `classe` chamada `color`.",
              "fullTitle": "2 - Adicione à página uma paleta de quatro cores distintas. Verifica se cada cor individual da paleta de cores possui a `classe` chamada `color`.",
              "timedOut": null,
              "duration": 4346,
              "state": "failed",
              "speed": null,
              "pass": false,
              "fail": true,
              "pending": false,
              "context": null,
              "code": "cy.get('.color').should('have.length', 4).then(function (colors) {\n  for (var i = 0; i < colors.length; i++) {\n    cy.wrap(colors[i]).should('be.visible');\n  }\n});",
              "err": {
                "message": "CypressError: Timed out retrying: Expected to find element: '.color', but never found it.",
                "estack": "CypressError: Timed out retrying: Expected to find element: '.color', but never found it.\n    at cypressErr (http://localhost:36215/__cypress/runner/cypress_runner.js:149934:9)\n    at throwErr (http://localhost:36215/__cypress/runner/cypress_runner.js:149867:11)\n    at Object.throwErrByPath (http://localhost:36215/__cypress/runner/cypress_runner.js:149915:3)\n    at retry (http://localhost:36215/__cypress/runner/cypress_runner.js:144197:19)\n    at onFailFn (http://localhost:36215/__cypress/runner/cypress_runner.js:132448:16)\n    at tryCatcher (http://localhost:36215/__cypress/runner/cypress_runner.js:167415:23)\n    at Promise._settlePromiseFromHandler (http://localhost:36215/__cypress/runner/cypress_runner.js:165351:31)\n    at Promise._settlePromise (http://localhost:36215/__cypress/runner/cypress_runner.js:165408:18)\n    at Promise._settlePromise0 (http://localhost:36215/__cypress/runner/cypress_runner.js:165453:10)\n    at Promise._settlePromises (http://localhost:36215/__cypress/runner/cypress_runner.js:165528:18)\n    at Async../node_modules/bluebird/js/release/async.js.Async._drainQueue (http://localhost:36215/__cypress/runner/cypress_runner.js:162140:16)\n    at Async../node_modules/bluebird/js/release/async.js.Async._drainQueues (http://localhost:36215/__cypress/runner/cypress_runner.js:162150:10)\n    at Async.drainQueues (http://localhost:36215/__cypress/runner/cypress_runner.js:162024:14)",
                "diff": null
              },
              "uuid": "ce65a7db-3361-4788-a5f5-def24080e715",
              "parentUUID": "1fe7c2a6-699a-448f-9b66-7b7d37f704dc",
              "isHook": false,
              "skipped": false
            },
            {
              "title": "Verifica se a cor de fundo de cada elemento da paleta é a cor que o elemento representa. **A única cor não permitida na paleta é a cor branca.**",
              "fullTitle": "2 - Adicione à página uma paleta de quatro cores distintas. Verifica se a cor de fundo de cada elemento da paleta é a cor que o elemento representa. **A única cor não permitida na paleta é a cor branca.**",
              "timedOut": null,
              "duration": 4370,
              "state": "failed",
              "speed": null,
              "pass": false,
              "fail": true,
              "pending": false,
              "context": null,
              "code": "cy.get('.color').each(function (color) {\n  cy.wrap(color).should('have.class', 'color').and('not.have.css', 'background-color', WHITE);\n  cy.wrap(color).should('have.css', 'background-color');\n});",
              "err": {
                "message": "CypressError: Timed out retrying: Expected to find element: '.color', but never found it.",
                "estack": "CypressError: Timed out retrying: Expected to find element: '.color', but never found it.\n    at cypressErr (http://localhost:36215/__cypress/runner/cypress_runner.js:149934:9)\n    at throwErr (http://localhost:36215/__cypress/runner/cypress_runner.js:149867:11)\n    at Object.throwErrByPath (http://localhost:36215/__cypress/runner/cypress_runner.js:149915:3)\n    at retry (http://localhost:36215/__cypress/runner/cypress_runner.js:144197:19)\n    at onFailFn (http://localhost:36215/__cypress/runner/cypress_runner.js:132448:16)\n    at tryCatcher (http://localhost:36215/__cypress/runner/cypress_runner.js:167415:23)\n    at Promise._settlePromiseFromHandler (http://localhost:36215/__cypress/runner/cypress_runner.js:165351:31)\n    at Promise._settlePromise (http://localhost:36215/__cypress/runner/cypress_runner.js:165408:18)\n    at Promise._settlePromise0 (http://localhost:36215/__cypress/runner/cypress_runner.js:165453:10)\n    at Promise._settlePromises (http://localhost:36215/__cypress/runner/cypress_runner.js:165528:18)\n    at Async../node_modules/bluebird/js/release/async.js.Async._drainQueue (http://localhost:36215/__cypress/runner/cypress_runner.js:162140:16)\n    at Async../node_modules/bluebird/js/release/async.js.Async._drainQueues (http://localhost:36215/__cypress/runner/cypress_runner.js:162150:10)\n    at Async.drainQueues (http://localhost:36215/__cypress/runner/cypress_runner.js:162024:14)",
                "diff": null
              },
              "uuid": "200df930-0690-47c3-8a05-fb45c271e6f5",
              "parentUUID": "1fe7c2a6-699a-448f-9b66-7b7d37f704dc",
              "isHook": false,
              "skipped": false
            },
            {
              "title": "Verifica se cada elemento da paleta de cores tem uma borda preta, sólida e com 1 pixel de largura;",
              "fullTitle": "2 - Adicione à página uma paleta de quatro cores distintas. Verifica se cada elemento da paleta de cores tem uma borda preta, sólida e com 1 pixel de largura;",
              "timedOut": null,
              "duration": 4328,
              "state": "failed",
              "speed": null,
              "pass": false,
              "fail": true,
              "pending": false,
              "context": null,
              "code": "cy.get('.color').each(function (color) {\n  cy.wrap(color).and('have.css', 'border', \"1px solid \".concat(BLACK)).and('have.class', 'color');\n});",
              "err": {
                "message": "CypressError: Timed out retrying: Expected to find element: '.color', but never found it.",
                "estack": "CypressError: Timed out retrying: Expected to find element: '.color', but never found it.\n    at cypressErr (http://localhost:36215/__cypress/runner/cypress_runner.js:149934:9)\n    at throwErr (http://localhost:36215/__cypress/runner/cypress_runner.js:149867:11)\n    at Object.throwErrByPath (http://localhost:36215/__cypress/runner/cypress_runner.js:149915:3)\n    at retry (http://localhost:36215/__cypress/runner/cypress_runner.js:144197:19)\n    at onFailFn (http://localhost:36215/__cypress/runner/cypress_runner.js:132448:16)\n    at tryCatcher (http://localhost:36215/__cypress/runner/cypress_runner.js:167415:23)\n    at Promise._settlePromiseFromHandler (http://localhost:36215/__cypress/runner/cypress_runner.js:165351:31)\n    at Promise._settlePromise (http://localhost:36215/__cypress/runner/cypress_runner.js:165408:18)\n    at Promise._settlePromise0 (http://localhost:36215/__cypress/runner/cypress_runner.js:165453:10)\n    at Promise._settlePromises (http://localhost:36215/__cypress/runner/cypress_runner.js:165528:18)\n    at Async../node_modules/bluebird/js/release/async.js.Async._drainQueue (http://localhost:36215/__cypress/runner/cypress_runner.js:162140:16)\n    at Async../node_modules/bluebird/js/release/async.js.Async._drainQueues (http://localhost:36215/__cypress/runner/cypress_runner.js:162150:10)\n    at Async.drainQueues (http://localhost:36215/__cypress/runner/cypress_runner.js:162024:14)",
                "diff": null
              },
              "uuid": "079a8dfb-302f-4a77-a8e9-82e4185dd744",
              "parentUUID": "1fe7c2a6-699a-448f-9b66-7b7d37f704dc",
              "isHook": false,
              "skipped": false
            },
            {
              "title": "Verifica se a paleta lista todas as cores disponíveis para utilização, lado a lado.",
              "fullTitle": "2 - Adicione à página uma paleta de quatro cores distintas. Verifica se a paleta lista todas as cores disponíveis para utilização, lado a lado.",
              "timedOut": null,
              "duration": 4311,
              "state": "failed",
              "speed": null,
              "pass": false,
              "fail": true,
              "pending": false,
              "context": null,
              "code": "cy.get('.color').then(function (colors) {\n  for (var index = 1; index < colors.length; index += 1) {\n    var currentColor = colors[index];\n    var previousColor = colors[index - 1];\n    cy.wrap(currentColor).should('be.onTheRightOf', previousColor).and('be.horizontallyAlignedWith', previousColor);\n  }\n});",
              "err": {
                "message": "CypressError: Timed out retrying: Expected to find element: '.color', but never found it.",
                "estack": "CypressError: Timed out retrying: Expected to find element: '.color', but never found it.\n    at cypressErr (http://localhost:36215/__cypress/runner/cypress_runner.js:149934:9)\n    at throwErr (http://localhost:36215/__cypress/runner/cypress_runner.js:149867:11)\n    at Object.throwErrByPath (http://localhost:36215/__cypress/runner/cypress_runner.js:149915:3)\n    at retry (http://localhost:36215/__cypress/runner/cypress_runner.js:144197:19)\n    at onFailFn (http://localhost:36215/__cypress/runner/cypress_runner.js:132448:16)\n    at tryCatcher (http://localhost:36215/__cypress/runner/cypress_runner.js:167415:23)\n    at Promise._settlePromiseFromHandler (http://localhost:36215/__cypress/runner/cypress_runner.js:165351:31)\n    at Promise._settlePromise (http://localhost:36215/__cypress/runner/cypress_runner.js:165408:18)\n    at Promise._settlePromise0 (http://localhost:36215/__cypress/runner/cypress_runner.js:165453:10)\n    at Promise._settlePromises (http://localhost:36215/__cypress/runner/cypress_runner.js:165528:18)\n    at Async../node_modules/bluebird/js/release/async.js.Async._drainQueue (http://localhost:36215/__cypress/runner/cypress_runner.js:162140:16)\n    at Async../node_modules/bluebird/js/release/async.js.Async._drainQueues (http://localhost:36215/__cypress/runner/cypress_runner.js:162150:10)\n    at Async.drainQueues (http://localhost:36215/__cypress/runner/cypress_runner.js:162024:14)",
                "diff": null
              },
              "uuid": "9e5affe8-7678-41e8-b791-f61ae9d4fdee",
              "parentUUID": "1fe7c2a6-699a-448f-9b66-7b7d37f704dc",
              "isHook": false,
              "skipped": false
            },
            {
              "title": "Verifica se a paleta de cores está posicionada abaixo do título 'Paleta de Cores'",
              "fullTitle": "2 - Adicione à página uma paleta de quatro cores distintas. Verifica se a paleta de cores está posicionada abaixo do título 'Paleta de Cores'",
              "timedOut": null,
              "duration": 4291,
              "state": "failed",
              "speed": null,
              "pass": false,
              "fail": true,
              "pending": false,
              "context": null,
              "code": "cy.get('h1#title').then(function (title) {\n  cy.get('#color-palette').should('be.belowOf', title);\n});",
              "err": {
                "message": "CypressError: Timed out retrying: Expected to find element: 'h1#title', but never found it.",
                "estack": "CypressError: Timed out retrying: Expected to find element: 'h1#title', but never found it.\n    at cypressErr (http://localhost:36215/__cypress/runner/cypress_runner.js:149934:9)\n    at throwErr (http://localhost:36215/__cypress/runner/cypress_runner.js:149867:11)\n    at Object.throwErrByPath (http://localhost:36215/__cypress/runner/cypress_runner.js:149915:3)\n    at retry (http://localhost:36215/__cypress/runner/cypress_runner.js:144197:19)\n    at onFailFn (http://localhost:36215/__cypress/runner/cypress_runner.js:132448:16)\n    at tryCatcher (http://localhost:36215/__cypress/runner/cypress_runner.js:167415:23)\n    at Promise._settlePromiseFromHandler (http://localhost:36215/__cypress/runner/cypress_runner.js:165351:31)\n    at Promise._settlePromise (http://localhost:36215/__cypress/runner/cypress_runner.js:165408:18)\n    at Promise._settlePromise0 (http://localhost:36215/__cypress/runner/cypress_runner.js:165453:10)\n    at Promise._settlePromises (http://localhost:36215/__cypress/runner/cypress_runner.js:165528:18)\n    at Async../node_modules/bluebird/js/release/async.js.Async._drainQueue (http://localhost:36215/__cypress/runner/cypress_runner.js:162140:16)\n    at Async../node_modules/bluebird/js/release/async.js.Async._drainQueues (http://localhost:36215/__cypress/runner/cypress_runner.js:162150:10)\n    at Async.drainQueues (http://localhost:36215/__cypress/runner/cypress_runner.js:162024:14)",
                "diff": null
              },
              "uuid": "45a085a6-bb46-45e5-8514-3a2222e8eed5",
              "parentUUID": "1fe7c2a6-699a-448f-9b66-7b7d37f704dc",
              "isHook": false,
              "skipped": false
            },
            {
              "title": "Verifica se a paleta de cores não contém cores repetidas.",
              "fullTitle": "2 - Adicione à página uma paleta de quatro cores distintas. Verifica se a paleta de cores não contém cores repetidas.",
              "timedOut": null,
              "duration": 4346,
              "state": "failed",
              "speed": null,
              "pass": false,
              "fail": true,
              "pending": false,
              "context": null,
              "code": "cy.get('.color').then(function (colors) {\n  var allColors = Array.from(colors).map(function (color) {\n    return Cypress.$(color).css('background-color');\n  });\n  cy.log(allColors);\n  var uniqColors = (0, _toConsumableArray2[\"default\"])(new Set(allColors));\n  cy.log(uniqColors);\n  expect(allColors.length).to.eq(uniqColors.length);\n});",
              "err": {
                "message": "CypressError: Timed out retrying: Expected to find element: '.color', but never found it.",
                "estack": "CypressError: Timed out retrying: Expected to find element: '.color', but never found it.\n    at cypressErr (http://localhost:36215/__cypress/runner/cypress_runner.js:149934:9)\n    at throwErr (http://localhost:36215/__cypress/runner/cypress_runner.js:149867:11)\n    at Object.throwErrByPath (http://localhost:36215/__cypress/runner/cypress_runner.js:149915:3)\n    at retry (http://localhost:36215/__cypress/runner/cypress_runner.js:144197:19)\n    at onFailFn (http://localhost:36215/__cypress/runner/cypress_runner.js:132448:16)\n    at tryCatcher (http://localhost:36215/__cypress/runner/cypress_runner.js:167415:23)\n    at Promise._settlePromiseFromHandler (http://localhost:36215/__cypress/runner/cypress_runner.js:165351:31)\n    at Promise._settlePromise (http://localhost:36215/__cypress/runner/cypress_runner.js:165408:18)\n    at Promise._settlePromise0 (http://localhost:36215/__cypress/runner/cypress_runner.js:165453:10)\n    at Promise._settlePromises (http://localhost:36215/__cypress/runner/cypress_runner.js:165528:18)\n    at Async../node_modules/bluebird/js/release/async.js.Async._drainQueue (http://localhost:36215/__cypress/runner/cypress_runner.js:162140:16)\n    at Async../node_modules/bluebird/js/release/async.js.Async._drainQueues (http://localhost:36215/__cypress/runner/cypress_runner.js:162150:10)\n    at Async.drainQueues (http://localhost:36215/__cypress/runner/cypress_runner.js:162024:14)",
                "diff": null
              },
              "uuid": "c1d99f2e-75ed-4eb8-be64-1b0c68f09caa",
              "parentUUID": "1fe7c2a6-699a-448f-9b66-7b7d37f704dc",
              "isHook": false,
              "skipped": false
            }
          ],
          "suites": [],
          "passes": [],
          "failures": [
            "49093426-da39-4e9f-a2bd-7ae48e13bf1c",
            "ce65a7db-3361-4788-a5f5-def24080e715",
            "200df930-0690-47c3-8a05-fb45c271e6f5",
            "079a8dfb-302f-4a77-a8e9-82e4185dd744",
            "9e5affe8-7678-41e8-b791-f61ae9d4fdee",
            "45a085a6-bb46-45e5-8514-3a2222e8eed5",
            "c1d99f2e-75ed-4eb8-be64-1b0c68f09caa"
          ],
          "pending": [],
          "skipped": [],
          "duration": 30325,
          "root": false,
          "rootEmpty": false,
          "_timeout": 2000
        },
        {
          "uuid": "95677804-38c3-4c60-834c-53506f9656be",
          "title": "3 - Adicione a cor **preta** como a primeira cor da paleta de cores.",
          "fullFile": "",
          "file": "",
          "beforeHooks": [],
          "afterHooks": [],
          "tests": [
            {
              "title": "Verifica se a primeira cor da paleta é preta",
              "fullTitle": "3 - Adicione a cor **preta** como a primeira cor da paleta de cores. Verifica se a primeira cor da paleta é preta",
              "timedOut": null,
              "duration": 4374,
              "state": "failed",
              "speed": null,
              "pass": false,
              "fail": true,
              "pending": false,
              "context": null,
              "code": "cy.get('.color').first().should('have.css', 'background-color', BLACK);",
              "err": {
                "message": "CypressError: Timed out retrying: Expected to find element: '.color', but never found it.",
                "estack": "CypressError: Timed out retrying: Expected to find element: '.color', but never found it.\n    at cypressErr (http://localhost:36215/__cypress/runner/cypress_runner.js:149934:9)\n    at throwErr (http://localhost:36215/__cypress/runner/cypress_runner.js:149867:11)\n    at Object.throwErrByPath (http://localhost:36215/__cypress/runner/cypress_runner.js:149915:3)\n    at retry (http://localhost:36215/__cypress/runner/cypress_runner.js:144197:19)\n    at onFailFn (http://localhost:36215/__cypress/runner/cypress_runner.js:132448:16)\n    at tryCatcher (http://localhost:36215/__cypress/runner/cypress_runner.js:167415:23)\n    at Promise._settlePromiseFromHandler (http://localhost:36215/__cypress/runner/cypress_runner.js:165351:31)\n    at Promise._settlePromise (http://localhost:36215/__cypress/runner/cypress_runner.js:165408:18)\n    at Promise._settlePromise0 (http://localhost:36215/__cypress/runner/cypress_runner.js:165453:10)\n    at Promise._settlePromises (http://localhost:36215/__cypress/runner/cypress_runner.js:165528:18)\n    at Async../node_modules/bluebird/js/release/async.js.Async._drainQueue (http://localhost:36215/__cypress/runner/cypress_runner.js:162140:16)\n    at Async../node_modules/bluebird/js/release/async.js.Async._drainQueues (http://localhost:36215/__cypress/runner/cypress_runner.js:162150:10)\n    at Async.drainQueues (http://localhost:36215/__cypress/runner/cypress_runner.js:162024:14)",
                "diff": null
              },
              "uuid": "f5c7b80b-4ddf-4b5d-8278-b21c47c5b209",
              "parentUUID": "95677804-38c3-4c60-834c-53506f9656be",
              "isHook": false,
              "skipped": false
            },
            {
              "title": "Verifica se as demais cores podem ser escolhidas livremente.",
              "fullTitle": "3 - Adicione a cor **preta** como a primeira cor da paleta de cores. Verifica se as demais cores podem ser escolhidas livremente.",
              "timedOut": null,
              "duration": 4323,
              "state": "failed",
              "speed": null,
              "pass": false,
              "fail": true,
              "pending": false,
              "context": null,
              "code": "cy.get('.color').eq(1).should('not.have.css', 'background-color', BLACK);\ncy.get('.color').eq(1).should('not.have.css', 'background-color', WHITE);\ncy.get('.color').eq(1).should('not.have.css', 'background-color', 'rgba(0, 0, 0, 0)');\ncy.get('.color').eq(1).should('have.css', 'background-color');\ncy.get('.color').eq(2).should('not.have.css', 'background-color', BLACK);\ncy.get('.color').eq(2).should('not.have.css', 'background-color', WHITE);\ncy.get('.color').eq(2).should('not.have.css', 'background-color', 'rgba(0, 0, 0, 0)');\ncy.get('.color').eq(2).should('have.css', 'background-color');\ncy.get('.color').eq(3).should('not.have.css', 'background-color', BLACK);\ncy.get('.color').eq(3).should('not.have.css', 'background-color', WHITE);\ncy.get('.color').eq(3).should('not.have.css', 'background-color', 'rgba(0, 0, 0, 0)');\ncy.get('.color').eq(3).should('have.css', 'background-color');",
              "err": {
                "message": "CypressError: Timed out retrying: Expected to find element: '.color', but never found it.",
                "estack": "CypressError: Timed out retrying: Expected to find element: '.color', but never found it.\n    at cypressErr (http://localhost:36215/__cypress/runner/cypress_runner.js:149934:9)\n    at throwErr (http://localhost:36215/__cypress/runner/cypress_runner.js:149867:11)\n    at Object.throwErrByPath (http://localhost:36215/__cypress/runner/cypress_runner.js:149915:3)\n    at retry (http://localhost:36215/__cypress/runner/cypress_runner.js:144197:19)\n    at onFailFn (http://localhost:36215/__cypress/runner/cypress_runner.js:132448:16)\n    at tryCatcher (http://localhost:36215/__cypress/runner/cypress_runner.js:167415:23)\n    at Promise._settlePromiseFromHandler (http://localhost:36215/__cypress/runner/cypress_runner.js:165351:31)\n    at Promise._settlePromise (http://localhost:36215/__cypress/runner/cypress_runner.js:165408:18)\n    at Promise._settlePromise0 (http://localhost:36215/__cypress/runner/cypress_runner.js:165453:10)\n    at Promise._settlePromises (http://localhost:36215/__cypress/runner/cypress_runner.js:165528:18)\n    at Async../node_modules/bluebird/js/release/async.js.Async._drainQueue (http://localhost:36215/__cypress/runner/cypress_runner.js:162140:16)\n    at Async../node_modules/bluebird/js/release/async.js.Async._drainQueues (http://localhost:36215/__cypress/runner/cypress_runner.js:162150:10)\n    at Async.drainQueues (http://localhost:36215/__cypress/runner/cypress_runner.js:162024:14)",
                "diff": null
              },
              "uuid": "2ef17682-159a-4d51-975e-3e88730820ee",
              "parentUUID": "95677804-38c3-4c60-834c-53506f9656be",
              "isHook": false,
              "skipped": false
            }
          ],
          "suites": [],
          "passes": [],
          "failures": [
            "f5c7b80b-4ddf-4b5d-8278-b21c47c5b209",
            "2ef17682-159a-4d51-975e-3e88730820ee"
          ],
          "pending": [],
          "skipped": [],
          "duration": 8697,
          "root": false,
          "rootEmpty": false,
          "_timeout": 2000
        },
        {
          "uuid": "8257e8d4-7a46-4361-ba0e-8b45bcccb754",
          "title": "4 - Adicione à página um quadro de pixels, com 25 pixels.",
          "fullFile": "",
          "file": "",
          "beforeHooks": [],
          "afterHooks": [],
          "tests": [
            {
              "title": "Verifica se o quadro de pixels possui o `id` denominado `pixel-board`",
              "fullTitle": "4 - Adicione à página um quadro de pixels, com 25 pixels. Verifica se o quadro de pixels possui o `id` denominado `pixel-board`",
              "timedOut": null,
              "duration": 4343,
              "state": "failed",
              "speed": null,
              "pass": false,
              "fail": true,
              "pending": false,
              "context": null,
              "code": "cy.get('#pixel-board').should('be.visible');",
              "err": {
                "message": "CypressError: Timed out retrying: Expected to find element: '#pixel-board', but never found it.",
                "estack": "CypressError: Timed out retrying: Expected to find element: '#pixel-board', but never found it.\n    at cypressErr (http://localhost:36215/__cypress/runner/cypress_runner.js:149934:9)\n    at throwErr (http://localhost:36215/__cypress/runner/cypress_runner.js:149867:11)\n    at Object.throwErrByPath (http://localhost:36215/__cypress/runner/cypress_runner.js:149915:3)\n    at retry (http://localhost:36215/__cypress/runner/cypress_runner.js:144197:19)\n    at onFailFn (http://localhost:36215/__cypress/runner/cypress_runner.js:132448:16)\n    at tryCatcher (http://localhost:36215/__cypress/runner/cypress_runner.js:167415:23)\n    at Promise._settlePromiseFromHandler (http://localhost:36215/__cypress/runner/cypress_runner.js:165351:31)\n    at Promise._settlePromise (http://localhost:36215/__cypress/runner/cypress_runner.js:165408:18)\n    at Promise._settlePromise0 (http://localhost:36215/__cypress/runner/cypress_runner.js:165453:10)\n    at Promise._settlePromises (http://localhost:36215/__cypress/runner/cypress_runner.js:165528:18)\n    at Async../node_modules/bluebird/js/release/async.js.Async._drainQueue (http://localhost:36215/__cypress/runner/cypress_runner.js:162140:16)\n    at Async../node_modules/bluebird/js/release/async.js.Async._drainQueues (http://localhost:36215/__cypress/runner/cypress_runner.js:162150:10)\n    at Async.drainQueues (http://localhost:36215/__cypress/runner/cypress_runner.js:162024:14)",
                "diff": null
              },
              "uuid": "e983eb40-919b-4f45-a9d8-39a833ca92f7",
              "parentUUID": "8257e8d4-7a46-4361-ba0e-8b45bcccb754",
              "isHook": false,
              "skipped": false
            },
            {
              "title": "Verifica se cada pixel individual dentro do quadro possui a `classe` denominada `pixel`.",
              "fullTitle": "4 - Adicione à página um quadro de pixels, com 25 pixels. Verifica se cada pixel individual dentro do quadro possui a `classe` denominada `pixel`.",
              "timedOut": null,
              "duration": 4373,
              "state": "failed",
              "speed": null,
              "pass": false,
              "fail": true,
              "pending": false,
              "context": null,
              "code": "cy.get('.pixel').should('have.length', 25);",
              "err": {
                "message": "CypressError: Timed out retrying: Expected to find element: '.pixel', but never found it.",
                "estack": "CypressError: Timed out retrying: Expected to find element: '.pixel', but never found it.\n    at cypressErr (http://localhost:36215/__cypress/runner/cypress_runner.js:149934:9)\n    at throwErr (http://localhost:36215/__cypress/runner/cypress_runner.js:149867:11)\n    at Object.throwErrByPath (http://localhost:36215/__cypress/runner/cypress_runner.js:149915:3)\n    at retry (http://localhost:36215/__cypress/runner/cypress_runner.js:144197:19)\n    at onFailFn (http://localhost:36215/__cypress/runner/cypress_runner.js:132448:16)\n    at tryCatcher (http://localhost:36215/__cypress/runner/cypress_runner.js:167415:23)\n    at Promise._settlePromiseFromHandler (http://localhost:36215/__cypress/runner/cypress_runner.js:165351:31)\n    at Promise._settlePromise (http://localhost:36215/__cypress/runner/cypress_runner.js:165408:18)\n    at Promise._settlePromise0 (http://localhost:36215/__cypress/runner/cypress_runner.js:165453:10)\n    at Promise._settlePromises (http://localhost:36215/__cypress/runner/cypress_runner.js:165528:18)\n    at Async../node_modules/bluebird/js/release/async.js.Async._drainQueue (http://localhost:36215/__cypress/runner/cypress_runner.js:162140:16)\n    at Async../node_modules/bluebird/js/release/async.js.Async._drainQueues (http://localhost:36215/__cypress/runner/cypress_runner.js:162150:10)\n    at Async.drainQueues (http://localhost:36215/__cypress/runner/cypress_runner.js:162024:14)",
                "diff": null
              },
              "uuid": "53f4dfb1-6a0b-4b7c-93ef-edc929683607",
              "parentUUID": "8257e8d4-7a46-4361-ba0e-8b45bcccb754",
              "isHook": false,
              "skipped": false
            },
            {
              "title": "Verifica se a cor inicial dos pixels dentro do quadro, ao abrir a página, é branca.",
              "fullTitle": "4 - Adicione à página um quadro de pixels, com 25 pixels. Verifica se a cor inicial dos pixels dentro do quadro, ao abrir a página, é branca.",
              "timedOut": null,
              "duration": 4334,
              "state": "failed",
              "speed": null,
              "pass": false,
              "fail": true,
              "pending": false,
              "context": null,
              "code": "cy.get('.pixel').should('have.length', 25).each(function (pixel) {\n  expect(pixel).to.have.css('background-color', WHITE);\n});",
              "err": {
                "message": "CypressError: Timed out retrying: Expected to find element: '.pixel', but never found it.",
                "estack": "CypressError: Timed out retrying: Expected to find element: '.pixel', but never found it.\n    at cypressErr (http://localhost:36215/__cypress/runner/cypress_runner.js:149934:9)\n    at throwErr (http://localhost:36215/__cypress/runner/cypress_runner.js:149867:11)\n    at Object.throwErrByPath (http://localhost:36215/__cypress/runner/cypress_runner.js:149915:3)\n    at retry (http://localhost:36215/__cypress/runner/cypress_runner.js:144197:19)\n    at onFailFn (http://localhost:36215/__cypress/runner/cypress_runner.js:132448:16)\n    at tryCatcher (http://localhost:36215/__cypress/runner/cypress_runner.js:167415:23)\n    at Promise._settlePromiseFromHandler (http://localhost:36215/__cypress/runner/cypress_runner.js:165351:31)\n    at Promise._settlePromise (http://localhost:36215/__cypress/runner/cypress_runner.js:165408:18)\n    at Promise._settlePromise0 (http://localhost:36215/__cypress/runner/cypress_runner.js:165453:10)\n    at Promise._settlePromises (http://localhost:36215/__cypress/runner/cypress_runner.js:165528:18)\n    at Async../node_modules/bluebird/js/release/async.js.Async._drainQueue (http://localhost:36215/__cypress/runner/cypress_runner.js:162140:16)\n    at Async../node_modules/bluebird/js/release/async.js.Async._drainQueues (http://localhost:36215/__cypress/runner/cypress_runner.js:162150:10)\n    at Async.drainQueues (http://localhost:36215/__cypress/runner/cypress_runner.js:162024:14)",
                "diff": null
              },
              "uuid": "8371b35a-daf2-4e70-a199-1d13a9c48b44",
              "parentUUID": "8257e8d4-7a46-4361-ba0e-8b45bcccb754",
              "isHook": false,
              "skipped": false
            },
            {
              "title": "Verifica se o quadro de pixels aparece abaixo da paleta de cores",
              "fullTitle": "4 - Adicione à página um quadro de pixels, com 25 pixels. Verifica se o quadro de pixels aparece abaixo da paleta de cores",
              "timedOut": null,
              "duration": 4343,
              "state": "failed",
              "speed": null,
              "pass": false,
              "fail": true,
              "pending": false,
              "context": null,
              "code": "cy.get('#color-palette').then(function (palette) {\n  cy.get('#pixel-board').should('be.belowOf', palette);\n});",
              "err": {
                "message": "CypressError: Timed out retrying: Expected to find element: '#color-palette', but never found it.",
                "estack": "CypressError: Timed out retrying: Expected to find element: '#color-palette', but never found it.\n    at cypressErr (http://localhost:36215/__cypress/runner/cypress_runner.js:149934:9)\n    at throwErr (http://localhost:36215/__cypress/runner/cypress_runner.js:149867:11)\n    at Object.throwErrByPath (http://localhost:36215/__cypress/runner/cypress_runner.js:149915:3)\n    at retry (http://localhost:36215/__cypress/runner/cypress_runner.js:144197:19)\n    at onFailFn (http://localhost:36215/__cypress/runner/cypress_runner.js:132448:16)\n    at tryCatcher (http://localhost:36215/__cypress/runner/cypress_runner.js:167415:23)\n    at Promise._settlePromiseFromHandler (http://localhost:36215/__cypress/runner/cypress_runner.js:165351:31)\n    at Promise._settlePromise (http://localhost:36215/__cypress/runner/cypress_runner.js:165408:18)\n    at Promise._settlePromise0 (http://localhost:36215/__cypress/runner/cypress_runner.js:165453:10)\n    at Promise._settlePromises (http://localhost:36215/__cypress/runner/cypress_runner.js:165528:18)\n    at Async../node_modules/bluebird/js/release/async.js.Async._drainQueue (http://localhost:36215/__cypress/runner/cypress_runner.js:162140:16)\n    at Async../node_modules/bluebird/js/release/async.js.Async._drainQueues (http://localhost:36215/__cypress/runner/cypress_runner.js:162150:10)\n    at Async.drainQueues (http://localhost:36215/__cypress/runner/cypress_runner.js:162024:14)",
                "diff": null
              },
              "uuid": "e92e885c-dde5-4a8e-a609-4bc4fdb704bf",
              "parentUUID": "8257e8d4-7a46-4361-ba0e-8b45bcccb754",
              "isHook": false,
              "skipped": false
            }
          ],
          "suites": [],
          "passes": [],
          "failures": [
            "e983eb40-919b-4f45-a9d8-39a833ca92f7",
            "53f4dfb1-6a0b-4b7c-93ef-edc929683607",
            "8371b35a-daf2-4e70-a199-1d13a9c48b44",
            "e92e885c-dde5-4a8e-a609-4bc4fdb704bf"
          ],
          "pending": [],
          "skipped": [],
          "duration": 17393,
          "root": false,
          "rootEmpty": false,
          "_timeout": 2000
        },
        {
          "uuid": "f39896d9-ea2f-4b6e-b9f0-0980d8b5c856",
          "title": "5 - Faça com que cada elemento do quadro de pixels possua 40 pixels de largura, 40 pixels de altura e seja delimitado por uma borda preta de 1 pixel.",
          "fullFile": "",
          "file": "",
          "beforeHooks": [],
          "afterHooks": [],
          "tests": [
            {
              "title": "Verifica se o quadro de pixels tem altura e comprimento de 5 elementos",
              "fullTitle": "5 - Faça com que cada elemento do quadro de pixels possua 40 pixels de largura, 40 pixels de altura e seja delimitado por uma borda preta de 1 pixel. Verifica se o quadro de pixels tem altura e comprimento de 5 elementos",
              "timedOut": null,
              "duration": 4372,
              "state": "failed",
              "speed": null,
              "pass": false,
              "fail": true,
              "pending": false,
              "context": null,
              "code": "cy.get('.pixel').should('have.length', 25).each(function (pixel) {\n  expect(pixel).to.have.css('background-color', WHITE);\n}).and(function (pixels) {\n  var rows = chunk(pixels, 5);\n  rows.forEach(function (row) {\n    for (var index = 1; index < row.length; index += 1) {\n      var current = pixels[index];\n      var previous = pixels[index - 1];\n      cy.wrap(current).should('be.onTheRightOf', previous).and('be.horizontallyAlignedWith', previous);\n    }\n  });\n  for (var index = 1; index < 5; index += 1) {\n    expect(pixels[index * 5]).to.be.belowOf(pixels[(index - 1) * 5]);\n  }\n});",
              "err": {
                "message": "CypressError: Timed out retrying: Expected to find element: '.pixel', but never found it.",
                "estack": "CypressError: Timed out retrying: Expected to find element: '.pixel', but never found it.\n    at cypressErr (http://localhost:36215/__cypress/runner/cypress_runner.js:149934:9)\n    at throwErr (http://localhost:36215/__cypress/runner/cypress_runner.js:149867:11)\n    at Object.throwErrByPath (http://localhost:36215/__cypress/runner/cypress_runner.js:149915:3)\n    at retry (http://localhost:36215/__cypress/runner/cypress_runner.js:144197:19)\n    at onFailFn (http://localhost:36215/__cypress/runner/cypress_runner.js:132448:16)\n    at tryCatcher (http://localhost:36215/__cypress/runner/cypress_runner.js:167415:23)\n    at Promise._settlePromiseFromHandler (http://localhost:36215/__cypress/runner/cypress_runner.js:165351:31)\n    at Promise._settlePromise (http://localhost:36215/__cypress/runner/cypress_runner.js:165408:18)\n    at Promise._settlePromise0 (http://localhost:36215/__cypress/runner/cypress_runner.js:165453:10)\n    at Promise._settlePromises (http://localhost:36215/__cypress/runner/cypress_runner.js:165528:18)\n    at Async../node_modules/bluebird/js/release/async.js.Async._drainQueue (http://localhost:36215/__cypress/runner/cypress_runner.js:162140:16)\n    at Async../node_modules/bluebird/js/release/async.js.Async._drainQueues (http://localhost:36215/__cypress/runner/cypress_runner.js:162150:10)\n    at Async.drainQueues (http://localhost:36215/__cypress/runner/cypress_runner.js:162024:14)",
                "diff": null
              },
              "uuid": "e55ae718-a753-421b-8573-0577eeb1a078",
              "parentUUID": "f39896d9-ea2f-4b6e-b9f0-0980d8b5c856",
              "isHook": false,
              "skipped": false
            },
            {
              "title": "Verifica se 40 pixels é o tamanho total do elemento, incluindo seu conteúdo e excluindo a borda preta, que deve ser criada à parte.",
              "fullTitle": "5 - Faça com que cada elemento do quadro de pixels possua 40 pixels de largura, 40 pixels de altura e seja delimitado por uma borda preta de 1 pixel. Verifica se 40 pixels é o tamanho total do elemento, incluindo seu conteúdo e excluindo a borda preta, que deve ser criada à parte.",
              "timedOut": null,
              "duration": 4346,
              "state": "failed",
              "speed": null,
              "pass": false,
              "fail": true,
              "pending": false,
              "context": null,
              "code": "cy.get('.pixel').each(function (pixel) {\n  cy.wrap(pixel).should('have.css', 'height', '40px').and('have.css', 'width', '40px').and('have.css', 'border', \"1px solid \".concat(BLACK));\n});",
              "err": {
                "message": "CypressError: Timed out retrying: Expected to find element: '.pixel', but never found it.",
                "estack": "CypressError: Timed out retrying: Expected to find element: '.pixel', but never found it.\n    at cypressErr (http://localhost:36215/__cypress/runner/cypress_runner.js:149934:9)\n    at throwErr (http://localhost:36215/__cypress/runner/cypress_runner.js:149867:11)\n    at Object.throwErrByPath (http://localhost:36215/__cypress/runner/cypress_runner.js:149915:3)\n    at retry (http://localhost:36215/__cypress/runner/cypress_runner.js:144197:19)\n    at onFailFn (http://localhost:36215/__cypress/runner/cypress_runner.js:132448:16)\n    at tryCatcher (http://localhost:36215/__cypress/runner/cypress_runner.js:167415:23)\n    at Promise._settlePromiseFromHandler (http://localhost:36215/__cypress/runner/cypress_runner.js:165351:31)\n    at Promise._settlePromise (http://localhost:36215/__cypress/runner/cypress_runner.js:165408:18)\n    at Promise._settlePromise0 (http://localhost:36215/__cypress/runner/cypress_runner.js:165453:10)\n    at Promise._settlePromises (http://localhost:36215/__cypress/runner/cypress_runner.js:165528:18)\n    at Async../node_modules/bluebird/js/release/async.js.Async._drainQueue (http://localhost:36215/__cypress/runner/cypress_runner.js:162140:16)\n    at Async../node_modules/bluebird/js/release/async.js.Async._drainQueues (http://localhost:36215/__cypress/runner/cypress_runner.js:162150:10)\n    at Async.drainQueues (http://localhost:36215/__cypress/runner/cypress_runner.js:162024:14)",
                "diff": null
              },
              "uuid": "25dc6615-ed08-4c57-9537-bbcf9eba1205",
              "parentUUID": "f39896d9-ea2f-4b6e-b9f0-0980d8b5c856",
              "isHook": false,
              "skipped": false
            }
          ],
          "suites": [],
          "passes": [],
          "failures": [
            "e55ae718-a753-421b-8573-0577eeb1a078",
            "25dc6615-ed08-4c57-9537-bbcf9eba1205"
          ],
          "pending": [],
          "skipped": [],
          "duration": 8718,
          "root": false,
          "rootEmpty": false,
          "_timeout": 2000
        },
        {
          "uuid": "810acb6a-cfd4-4dca-9f2e-bf90cba60620",
          "title": "6 - Defina a cor preta como cor inicial. Ao carregar a página a cor preta já deve estar selecionada para pintar os pixels",
          "fullFile": "",
          "file": "",
          "beforeHooks": [],
          "afterHooks": [],
          "tests": [
            {
              "title": "Verifica se o elemento da cor preta possui, inicialmente, a `classe` `selected`",
              "fullTitle": "6 - Defina a cor preta como cor inicial. Ao carregar a página a cor preta já deve estar selecionada para pintar os pixels Verifica se o elemento da cor preta possui, inicialmente, a `classe` `selected`",
              "timedOut": null,
              "duration": 4337,
              "state": "failed",
              "speed": null,
              "pass": false,
              "fail": true,
              "pending": false,
              "context": null,
              "code": "cy.get('.selected').first().should('have.css', 'background-color', BLACK);",
              "err": {
                "message": "CypressError: Timed out retrying: Expected to find element: '.selected', but never found it.",
                "estack": "CypressError: Timed out retrying: Expected to find element: '.selected', but never found it.\n    at cypressErr (http://localhost:36215/__cypress/runner/cypress_runner.js:149934:9)\n    at throwErr (http://localhost:36215/__cypress/runner/cypress_runner.js:149867:11)\n    at Object.throwErrByPath (http://localhost:36215/__cypress/runner/cypress_runner.js:149915:3)\n    at retry (http://localhost:36215/__cypress/runner/cypress_runner.js:144197:19)\n    at onFailFn (http://localhost:36215/__cypress/runner/cypress_runner.js:132448:16)\n    at tryCatcher (http://localhost:36215/__cypress/runner/cypress_runner.js:167415:23)\n    at Promise._settlePromiseFromHandler (http://localhost:36215/__cypress/runner/cypress_runner.js:165351:31)\n    at Promise._settlePromise (http://localhost:36215/__cypress/runner/cypress_runner.js:165408:18)\n    at Promise._settlePromise0 (http://localhost:36215/__cypress/runner/cypress_runner.js:165453:10)\n    at Promise._settlePromises (http://localhost:36215/__cypress/runner/cypress_runner.js:165528:18)\n    at Async../node_modules/bluebird/js/release/async.js.Async._drainQueue (http://localhost:36215/__cypress/runner/cypress_runner.js:162140:16)\n    at Async../node_modules/bluebird/js/release/async.js.Async._drainQueues (http://localhost:36215/__cypress/runner/cypress_runner.js:162150:10)\n    at Async.drainQueues (http://localhost:36215/__cypress/runner/cypress_runner.js:162024:14)",
                "diff": null
              },
              "uuid": "b38b4fdd-f474-4d11-98cc-ee5a1b88e0ea",
              "parentUUID": "810acb6a-cfd4-4dca-9f2e-bf90cba60620",
              "isHook": false,
              "skipped": false
            },
            {
              "title": "Verifica se nenhuma outra cor da paleta tem a `classe` `selected`",
              "fullTitle": "6 - Defina a cor preta como cor inicial. Ao carregar a página a cor preta já deve estar selecionada para pintar os pixels Verifica se nenhuma outra cor da paleta tem a `classe` `selected`",
              "timedOut": null,
              "duration": 4380,
              "state": "failed",
              "speed": null,
              "pass": false,
              "fail": true,
              "pending": false,
              "context": null,
              "code": "cy.get('.color:not(:first-child)').each(function (color) {\n  cy.wrap(color).should('not.have.class', 'selected');\n});",
              "err": {
                "message": "CypressError: Timed out retrying: Expected to find element: '.color:not(:first-child)', but never found it.",
                "estack": "CypressError: Timed out retrying: Expected to find element: '.color:not(:first-child)', but never found it.\n    at cypressErr (http://localhost:36215/__cypress/runner/cypress_runner.js:149934:9)\n    at throwErr (http://localhost:36215/__cypress/runner/cypress_runner.js:149867:11)\n    at Object.throwErrByPath (http://localhost:36215/__cypress/runner/cypress_runner.js:149915:3)\n    at retry (http://localhost:36215/__cypress/runner/cypress_runner.js:144197:19)\n    at onFailFn (http://localhost:36215/__cypress/runner/cypress_runner.js:132448:16)\n    at tryCatcher (http://localhost:36215/__cypress/runner/cypress_runner.js:167415:23)\n    at Promise._settlePromiseFromHandler (http://localhost:36215/__cypress/runner/cypress_runner.js:165351:31)\n    at Promise._settlePromise (http://localhost:36215/__cypress/runner/cypress_runner.js:165408:18)\n    at Promise._settlePromise0 (http://localhost:36215/__cypress/runner/cypress_runner.js:165453:10)\n    at Promise._settlePromises (http://localhost:36215/__cypress/runner/cypress_runner.js:165528:18)\n    at Async../node_modules/bluebird/js/release/async.js.Async._drainQueue (http://localhost:36215/__cypress/runner/cypress_runner.js:162140:16)\n    at Async../node_modules/bluebird/js/release/async.js.Async._drainQueues (http://localhost:36215/__cypress/runner/cypress_runner.js:162150:10)\n    at Async.drainQueues (http://localhost:36215/__cypress/runner/cypress_runner.js:162024:14)",
                "diff": null
              },
              "uuid": "1326fe83-35ea-46fa-a68a-3b3600c03229",
              "parentUUID": "810acb6a-cfd4-4dca-9f2e-bf90cba60620",
              "isHook": false,
              "skipped": false
            }
          ],
          "suites": [],
          "passes": [],
          "failures": [
            "b38b4fdd-f474-4d11-98cc-ee5a1b88e0ea",
            "1326fe83-35ea-46fa-a68a-3b3600c03229"
          ],
          "pending": [],
          "skipped": [],
          "duration": 8717,
          "root": false,
          "rootEmpty": false,
          "_timeout": 2000
        },
        {
          "uuid": "6b3d4c0a-2e5a-4c7a-a4de-ab7eeddb23c9",
          "title": "7 - Clicar em uma das cores da paleta, faz com que ela seja selecionada e utilizada para preencher os pixels no quadro.",
          "fullFile": "",
          "file": "",
          "beforeHooks": [],
          "afterHooks": [],
          "tests": [
            {
              "title": "Verifica se somente uma cor da paleta de cores tem a classe `selected` de cada vez",
              "fullTitle": "7 - Clicar em uma das cores da paleta, faz com que ela seja selecionada e utilizada para preencher os pixels no quadro. Verifica se somente uma cor da paleta de cores tem a classe `selected` de cada vez",
              "timedOut": null,
              "duration": 4336,
              "state": "failed",
              "speed": null,
              "pass": false,
              "fail": true,
              "pending": false,
              "context": null,
              "code": "cy.get('.color').each(function (selectedColor, selectedColorIndex) {\n  cy.wrap(selectedColor).click();\n  cy.get('.color').each(function (color, colorIndex) {\n    if (colorIndex === selectedColorIndex) {\n      expect(color).to.have[\"class\"]('selected');\n    } else {\n      expect(color).not.to.have[\"class\"]('selected');\n    }\n  });\n});",
              "err": {
                "message": "CypressError: Timed out retrying: Expected to find element: '.color', but never found it.",
                "estack": "CypressError: Timed out retrying: Expected to find element: '.color', but never found it.\n    at cypressErr (http://localhost:36215/__cypress/runner/cypress_runner.js:149934:9)\n    at throwErr (http://localhost:36215/__cypress/runner/cypress_runner.js:149867:11)\n    at Object.throwErrByPath (http://localhost:36215/__cypress/runner/cypress_runner.js:149915:3)\n    at retry (http://localhost:36215/__cypress/runner/cypress_runner.js:144197:19)\n    at onFailFn (http://localhost:36215/__cypress/runner/cypress_runner.js:132448:16)\n    at tryCatcher (http://localhost:36215/__cypress/runner/cypress_runner.js:167415:23)\n    at Promise._settlePromiseFromHandler (http://localhost:36215/__cypress/runner/cypress_runner.js:165351:31)\n    at Promise._settlePromise (http://localhost:36215/__cypress/runner/cypress_runner.js:165408:18)\n    at Promise._settlePromise0 (http://localhost:36215/__cypress/runner/cypress_runner.js:165453:10)\n    at Promise._settlePromises (http://localhost:36215/__cypress/runner/cypress_runner.js:165528:18)\n    at Async../node_modules/bluebird/js/release/async.js.Async._drainQueue (http://localhost:36215/__cypress/runner/cypress_runner.js:162140:16)\n    at Async../node_modules/bluebird/js/release/async.js.Async._drainQueues (http://localhost:36215/__cypress/runner/cypress_runner.js:162150:10)\n    at Async.drainQueues (http://localhost:36215/__cypress/runner/cypress_runner.js:162024:14)",
                "diff": null
              },
              "uuid": "ed431deb-191e-4b37-85bd-1e268b243d2c",
              "parentUUID": "6b3d4c0a-2e5a-4c7a-a4de-ab7eeddb23c9",
              "isHook": false,
              "skipped": false
            },
            {
              "title": "Verifica se os pixels dentro do quadro não têm a classe `selected` quando são clicados",
              "fullTitle": "7 - Clicar em uma das cores da paleta, faz com que ela seja selecionada e utilizada para preencher os pixels no quadro. Verifica se os pixels dentro do quadro não têm a classe `selected` quando são clicados",
              "timedOut": null,
              "duration": 4382,
              "state": "failed",
              "speed": null,
              "pass": false,
              "fail": true,
              "pending": false,
              "context": null,
              "code": "cy.get('.color').each(function (color) {\n  var backgroundColor = color.css('background-color');\n  cy.wrap(color).click();\n  cy.get('.pixel').each(function (pixel) {\n    cy.wrap(pixel).click().should('not.have.class', 'selected');\n  });\n});",
              "err": {
                "message": "CypressError: Timed out retrying: Expected to find element: '.color', but never found it.",
                "estack": "CypressError: Timed out retrying: Expected to find element: '.color', but never found it.\n    at cypressErr (http://localhost:36215/__cypress/runner/cypress_runner.js:149934:9)\n    at throwErr (http://localhost:36215/__cypress/runner/cypress_runner.js:149867:11)\n    at Object.throwErrByPath (http://localhost:36215/__cypress/runner/cypress_runner.js:149915:3)\n    at retry (http://localhost:36215/__cypress/runner/cypress_runner.js:144197:19)\n    at onFailFn (http://localhost:36215/__cypress/runner/cypress_runner.js:132448:16)\n    at tryCatcher (http://localhost:36215/__cypress/runner/cypress_runner.js:167415:23)\n    at Promise._settlePromiseFromHandler (http://localhost:36215/__cypress/runner/cypress_runner.js:165351:31)\n    at Promise._settlePromise (http://localhost:36215/__cypress/runner/cypress_runner.js:165408:18)\n    at Promise._settlePromise0 (http://localhost:36215/__cypress/runner/cypress_runner.js:165453:10)\n    at Promise._settlePromises (http://localhost:36215/__cypress/runner/cypress_runner.js:165528:18)\n    at Async../node_modules/bluebird/js/release/async.js.Async._drainQueue (http://localhost:36215/__cypress/runner/cypress_runner.js:162140:16)\n    at Async../node_modules/bluebird/js/release/async.js.Async._drainQueues (http://localhost:36215/__cypress/runner/cypress_runner.js:162150:10)\n    at Async.drainQueues (http://localhost:36215/__cypress/runner/cypress_runner.js:162024:14)",
                "diff": null
              },
              "uuid": "23cd70e5-3bb0-4f85-b8ac-d904a0747a9f",
              "parentUUID": "6b3d4c0a-2e5a-4c7a-a4de-ab7eeddb23c9",
              "isHook": false,
              "skipped": false
            }
          ],
          "suites": [],
          "passes": [],
          "failures": [
            "ed431deb-191e-4b37-85bd-1e268b243d2c",
            "23cd70e5-3bb0-4f85-b8ac-d904a0747a9f"
          ],
          "pending": [],
          "skipped": [],
          "duration": 8718,
          "root": false,
          "rootEmpty": false,
          "_timeout": 2000
        },
        {
          "uuid": "956a1ac8-3c8f-481d-8220-8d8d87796daa",
          "title": "8 - Clicar em um pixel dentro do quadro após selecionar uma cor na paleta, faz com que o pixel seja preenchido com a cor selecionada.",
          "fullFile": "",
          "file": "",
          "beforeHooks": [],
          "afterHooks": [],
          "tests": [
            {
              "title": "Verifica se ao carregar a página deve ser possível pintar os pixels de preto",
              "fullTitle": "8 - Clicar em um pixel dentro do quadro após selecionar uma cor na paleta, faz com que o pixel seja preenchido com a cor selecionada. Verifica se ao carregar a página deve ser possível pintar os pixels de preto",
              "timedOut": null,
              "duration": 4329,
              "state": "failed",
              "speed": null,
              "pass": false,
              "fail": true,
              "pending": false,
              "context": null,
              "code": "cy.get('.pixel').each(function (pixel) {\n  cy.wrap(pixel).click().should('have.css', 'background-color', BLACK);\n});",
              "err": {
                "message": "CypressError: Timed out retrying: Expected to find element: '.pixel', but never found it.",
                "estack": "CypressError: Timed out retrying: Expected to find element: '.pixel', but never found it.\n    at cypressErr (http://localhost:36215/__cypress/runner/cypress_runner.js:149934:9)\n    at throwErr (http://localhost:36215/__cypress/runner/cypress_runner.js:149867:11)\n    at Object.throwErrByPath (http://localhost:36215/__cypress/runner/cypress_runner.js:149915:3)\n    at retry (http://localhost:36215/__cypress/runner/cypress_runner.js:144197:19)\n    at onFailFn (http://localhost:36215/__cypress/runner/cypress_runner.js:132448:16)\n    at tryCatcher (http://localhost:36215/__cypress/runner/cypress_runner.js:167415:23)\n    at Promise._settlePromiseFromHandler (http://localhost:36215/__cypress/runner/cypress_runner.js:165351:31)\n    at Promise._settlePromise (http://localhost:36215/__cypress/runner/cypress_runner.js:165408:18)\n    at Promise._settlePromise0 (http://localhost:36215/__cypress/runner/cypress_runner.js:165453:10)\n    at Promise._settlePromises (http://localhost:36215/__cypress/runner/cypress_runner.js:165528:18)\n    at Async../node_modules/bluebird/js/release/async.js.Async._drainQueue (http://localhost:36215/__cypress/runner/cypress_runner.js:162140:16)\n    at Async../node_modules/bluebird/js/release/async.js.Async._drainQueues (http://localhost:36215/__cypress/runner/cypress_runner.js:162150:10)\n    at Async.drainQueues (http://localhost:36215/__cypress/runner/cypress_runner.js:162024:14)",
                "diff": null
              },
              "uuid": "e3c2ba33-a54e-4502-9af0-8a19f5ac8911",
              "parentUUID": "956a1ac8-3c8f-481d-8220-8d8d87796daa",
              "isHook": false,
              "skipped": false
            },
            {
              "title": "Verifica se após selecionar uma outra cor na paleta, é possível pintar os pixels com essa cor",
              "fullTitle": "8 - Clicar em um pixel dentro do quadro após selecionar uma cor na paleta, faz com que o pixel seja preenchido com a cor selecionada. Verifica se após selecionar uma outra cor na paleta, é possível pintar os pixels com essa cor",
              "timedOut": null,
              "duration": 4378,
              "state": "failed",
              "speed": null,
              "pass": false,
              "fail": true,
              "pending": false,
              "context": null,
              "code": "cy.get('.color').each(function (color) {\n  var backgroundColor = color.css('background-color');\n  cy.wrap(color).click();\n  cy.get('.pixel').each(function (pixel) {\n    cy.wrap(pixel).click().should('have.css', 'background-color', backgroundColor);\n  });\n});",
              "err": {
                "message": "CypressError: Timed out retrying: Expected to find element: '.color', but never found it.",
                "estack": "CypressError: Timed out retrying: Expected to find element: '.color', but never found it.\n    at cypressErr (http://localhost:36215/__cypress/runner/cypress_runner.js:149934:9)\n    at throwErr (http://localhost:36215/__cypress/runner/cypress_runner.js:149867:11)\n    at Object.throwErrByPath (http://localhost:36215/__cypress/runner/cypress_runner.js:149915:3)\n    at retry (http://localhost:36215/__cypress/runner/cypress_runner.js:144197:19)\n    at onFailFn (http://localhost:36215/__cypress/runner/cypress_runner.js:132448:16)\n    at tryCatcher (http://localhost:36215/__cypress/runner/cypress_runner.js:167415:23)\n    at Promise._settlePromiseFromHandler (http://localhost:36215/__cypress/runner/cypress_runner.js:165351:31)\n    at Promise._settlePromise (http://localhost:36215/__cypress/runner/cypress_runner.js:165408:18)\n    at Promise._settlePromise0 (http://localhost:36215/__cypress/runner/cypress_runner.js:165453:10)\n    at Promise._settlePromises (http://localhost:36215/__cypress/runner/cypress_runner.js:165528:18)\n    at Async../node_modules/bluebird/js/release/async.js.Async._drainQueue (http://localhost:36215/__cypress/runner/cypress_runner.js:162140:16)\n    at Async../node_modules/bluebird/js/release/async.js.Async._drainQueues (http://localhost:36215/__cypress/runner/cypress_runner.js:162150:10)\n    at Async.drainQueues (http://localhost:36215/__cypress/runner/cypress_runner.js:162024:14)",
                "diff": null
              },
              "uuid": "2ae52c4d-f72f-4e81-8b34-4ab78b253903",
              "parentUUID": "956a1ac8-3c8f-481d-8220-8d8d87796daa",
              "isHook": false,
              "skipped": false
            },
            {
              "title": "Verifica se somente o pixel que foi clicado foi preenchido com a cor selecionada, sem influenciar na cor dos demais pixels.",
              "fullTitle": "8 - Clicar em um pixel dentro do quadro após selecionar uma cor na paleta, faz com que o pixel seja preenchido com a cor selecionada. Verifica se somente o pixel que foi clicado foi preenchido com a cor selecionada, sem influenciar na cor dos demais pixels.",
              "timedOut": null,
              "duration": 4357,
              "state": "failed",
              "speed": null,
              "pass": false,
              "fail": true,
              "pending": false,
              "context": null,
              "code": "var colorToPixelIndexMap = {\n  0: 6,\n  1: 8,\n  2: 16,\n  3: 18\n};\ncy.get('.color').each(function (color, index) {\n  cy.wrap(color).click();\n  var backgroundColor = color.css('background-color');\n  var clickedPixelIndex = colorToPixelIndexMap[index];\n  cy.get('.pixel').eq(clickedPixelIndex).click();\n  cy.get('.pixel').eq(clickedPixelIndex - 1).should('not.have.css', 'background-color', backgroundColor);\n  cy.get('.pixel').eq(clickedPixelIndex + 1).should('not.have.css', 'background-color', backgroundColor);\n  cy.get('.pixel').eq(clickedPixelIndex - 5).should('not.have.css', 'background-color', backgroundColor);\n  cy.get('.pixel').eq(clickedPixelIndex + 5).should('not.have.css', 'background-color', backgroundColor);\n  cy.get('.pixel').eq(clickedPixelIndex - 6).should('not.have.css', 'background-color', backgroundColor);\n  cy.get('.pixel').eq(clickedPixelIndex - 4).should('not.have.css', 'background-color', backgroundColor);\n  cy.get('.pixel').eq(clickedPixelIndex + 4).should('not.have.css', 'background-color', backgroundColor);\n  cy.get('.pixel').eq(clickedPixelIndex + 6).should('not.have.css', 'background-color', backgroundColor);\n});",
              "err": {
                "message": "CypressError: Timed out retrying: Expected to find element: '.color', but never found it.",
                "estack": "CypressError: Timed out retrying: Expected to find element: '.color', but never found it.\n    at cypressErr (http://localhost:36215/__cypress/runner/cypress_runner.js:149934:9)\n    at throwErr (http://localhost:36215/__cypress/runner/cypress_runner.js:149867:11)\n    at Object.throwErrByPath (http://localhost:36215/__cypress/runner/cypress_runner.js:149915:3)\n    at retry (http://localhost:36215/__cypress/runner/cypress_runner.js:144197:19)\n    at onFailFn (http://localhost:36215/__cypress/runner/cypress_runner.js:132448:16)\n    at tryCatcher (http://localhost:36215/__cypress/runner/cypress_runner.js:167415:23)\n    at Promise._settlePromiseFromHandler (http://localhost:36215/__cypress/runner/cypress_runner.js:165351:31)\n    at Promise._settlePromise (http://localhost:36215/__cypress/runner/cypress_runner.js:165408:18)\n    at Promise._settlePromise0 (http://localhost:36215/__cypress/runner/cypress_runner.js:165453:10)\n    at Promise._settlePromises (http://localhost:36215/__cypress/runner/cypress_runner.js:165528:18)\n    at Async../node_modules/bluebird/js/release/async.js.Async._drainQueue (http://localhost:36215/__cypress/runner/cypress_runner.js:162140:16)\n    at Async../node_modules/bluebird/js/release/async.js.Async._drainQueues (http://localhost:36215/__cypress/runner/cypress_runner.js:162150:10)\n    at Async.drainQueues (http://localhost:36215/__cypress/runner/cypress_runner.js:162024:14)",
                "diff": null
              },
              "uuid": "5b4e7261-abe4-4d9f-8eae-31267a5e3b04",
              "parentUUID": "956a1ac8-3c8f-481d-8220-8d8d87796daa",
              "isHook": false,
              "skipped": false
            }
          ],
          "suites": [],
          "passes": [],
          "failures": [
            "e3c2ba33-a54e-4502-9af0-8a19f5ac8911",
            "2ae52c4d-f72f-4e81-8b34-4ab78b253903",
            "5b4e7261-abe4-4d9f-8eae-31267a5e3b04"
          ],
          "pending": [],
          "skipped": [],
          "duration": 13064,
          "root": false,
          "rootEmpty": false,
          "_timeout": 2000
        },
        {
          "uuid": "65934f5f-ae2a-441d-89d0-091b3928cd13",
          "title": "9 - Crie um botão que, ao ser clicado, limpa o quadro preenchendo a cor de todos seus pixels com branco.",
          "fullFile": "",
          "file": "",
          "beforeHooks": [],
          "afterHooks": [],
          "tests": [
            {
              "title": "Verifica se o botão tem o `id` denominado `clear-board`",
              "fullTitle": "9 - Crie um botão que, ao ser clicado, limpa o quadro preenchendo a cor de todos seus pixels com branco. Verifica se o botão tem o `id` denominado `clear-board`",
              "timedOut": null,
              "duration": 4379,
              "state": "failed",
              "speed": null,
              "pass": false,
              "fail": true,
              "pending": false,
              "context": null,
              "code": "cy.get('#clear-board').should('be.visible');",
              "err": {
                "message": "CypressError: Timed out retrying: Expected to find element: '#clear-board', but never found it.",
                "estack": "CypressError: Timed out retrying: Expected to find element: '#clear-board', but never found it.\n    at cypressErr (http://localhost:36215/__cypress/runner/cypress_runner.js:149934:9)\n    at throwErr (http://localhost:36215/__cypress/runner/cypress_runner.js:149867:11)\n    at Object.throwErrByPath (http://localhost:36215/__cypress/runner/cypress_runner.js:149915:3)\n    at retry (http://localhost:36215/__cypress/runner/cypress_runner.js:144197:19)\n    at onFailFn (http://localhost:36215/__cypress/runner/cypress_runner.js:132448:16)\n    at tryCatcher (http://localhost:36215/__cypress/runner/cypress_runner.js:167415:23)\n    at Promise._settlePromiseFromHandler (http://localhost:36215/__cypress/runner/cypress_runner.js:165351:31)\n    at Promise._settlePromise (http://localhost:36215/__cypress/runner/cypress_runner.js:165408:18)\n    at Promise._settlePromise0 (http://localhost:36215/__cypress/runner/cypress_runner.js:165453:10)\n    at Promise._settlePromises (http://localhost:36215/__cypress/runner/cypress_runner.js:165528:18)\n    at Async../node_modules/bluebird/js/release/async.js.Async._drainQueue (http://localhost:36215/__cypress/runner/cypress_runner.js:162140:16)\n    at Async../node_modules/bluebird/js/release/async.js.Async._drainQueues (http://localhost:36215/__cypress/runner/cypress_runner.js:162150:10)\n    at Async.drainQueues (http://localhost:36215/__cypress/runner/cypress_runner.js:162024:14)",
                "diff": null
              },
              "uuid": "ce9d6900-97da-4443-81e0-943132149fd2",
              "parentUUID": "65934f5f-ae2a-441d-89d0-091b3928cd13",
              "isHook": false,
              "skipped": false
            },
            {
              "title": "Verifica se o botão está posicionado entre a paleta de cores e o quadro de pixels",
              "fullTitle": "9 - Crie um botão que, ao ser clicado, limpa o quadro preenchendo a cor de todos seus pixels com branco. Verifica se o botão está posicionado entre a paleta de cores e o quadro de pixels",
              "timedOut": null,
              "duration": 4411,
              "state": "failed",
              "speed": null,
              "pass": false,
              "fail": true,
              "pending": false,
              "context": null,
              "code": "cy.get('#color-palette').then(function (palette) {\n  cy.get('#clear-board').should('be.belowOf', palette);\n});\ncy.get('#clear-board').then(function (clearBtn) {\n  cy.get('#pixel-board').should('be.belowOf', clearBtn);\n});",
              "err": {
                "message": "CypressError: Timed out retrying: Expected to find element: '#color-palette', but never found it.",
                "estack": "CypressError: Timed out retrying: Expected to find element: '#color-palette', but never found it.\n    at cypressErr (http://localhost:36215/__cypress/runner/cypress_runner.js:149934:9)\n    at throwErr (http://localhost:36215/__cypress/runner/cypress_runner.js:149867:11)\n    at Object.throwErrByPath (http://localhost:36215/__cypress/runner/cypress_runner.js:149915:3)\n    at retry (http://localhost:36215/__cypress/runner/cypress_runner.js:144197:19)\n    at onFailFn (http://localhost:36215/__cypress/runner/cypress_runner.js:132448:16)\n    at tryCatcher (http://localhost:36215/__cypress/runner/cypress_runner.js:167415:23)\n    at Promise._settlePromiseFromHandler (http://localhost:36215/__cypress/runner/cypress_runner.js:165351:31)\n    at Promise._settlePromise (http://localhost:36215/__cypress/runner/cypress_runner.js:165408:18)\n    at Promise._settlePromise0 (http://localhost:36215/__cypress/runner/cypress_runner.js:165453:10)\n    at Promise._settlePromises (http://localhost:36215/__cypress/runner/cypress_runner.js:165528:18)\n    at Async../node_modules/bluebird/js/release/async.js.Async._drainQueue (http://localhost:36215/__cypress/runner/cypress_runner.js:162140:16)\n    at Async../node_modules/bluebird/js/release/async.js.Async._drainQueues (http://localhost:36215/__cypress/runner/cypress_runner.js:162150:10)\n    at Async.drainQueues (http://localhost:36215/__cypress/runner/cypress_runner.js:162024:14)",
                "diff": null
              },
              "uuid": "51f93f5e-ff26-4f2b-9954-f25e7161307b",
              "parentUUID": "65934f5f-ae2a-441d-89d0-091b3928cd13",
              "isHook": false,
              "skipped": false
            },
            {
              "title": "Verifica se o texto do botão é 'Limpar'",
              "fullTitle": "9 - Crie um botão que, ao ser clicado, limpa o quadro preenchendo a cor de todos seus pixels com branco. Verifica se o texto do botão é 'Limpar'",
              "timedOut": null,
              "duration": 4365,
              "state": "failed",
              "speed": null,
              "pass": false,
              "fail": true,
              "pending": false,
              "context": null,
              "code": "cy.get('#clear-board').should('contain.text', 'Limpar');",
              "err": {
                "message": "CypressError: Timed out retrying: Expected to find element: '#clear-board', but never found it.",
                "estack": "CypressError: Timed out retrying: Expected to find element: '#clear-board', but never found it.\n    at cypressErr (http://localhost:36215/__cypress/runner/cypress_runner.js:149934:9)\n    at throwErr (http://localhost:36215/__cypress/runner/cypress_runner.js:149867:11)\n    at Object.throwErrByPath (http://localhost:36215/__cypress/runner/cypress_runner.js:149915:3)\n    at retry (http://localhost:36215/__cypress/runner/cypress_runner.js:144197:19)\n    at onFailFn (http://localhost:36215/__cypress/runner/cypress_runner.js:132448:16)\n    at tryCatcher (http://localhost:36215/__cypress/runner/cypress_runner.js:167415:23)\n    at Promise._settlePromiseFromHandler (http://localhost:36215/__cypress/runner/cypress_runner.js:165351:31)\n    at Promise._settlePromise (http://localhost:36215/__cypress/runner/cypress_runner.js:165408:18)\n    at Promise._settlePromise0 (http://localhost:36215/__cypress/runner/cypress_runner.js:165453:10)\n    at Promise._settlePromises (http://localhost:36215/__cypress/runner/cypress_runner.js:165528:18)\n    at Async../node_modules/bluebird/js/release/async.js.Async._drainQueue (http://localhost:36215/__cypress/runner/cypress_runner.js:162140:16)\n    at Async../node_modules/bluebird/js/release/async.js.Async._drainQueues (http://localhost:36215/__cypress/runner/cypress_runner.js:162150:10)\n    at Async.drainQueues (http://localhost:36215/__cypress/runner/cypress_runner.js:162024:14)",
                "diff": null
              },
              "uuid": "40c1e011-0e1a-4538-8c84-20b8955e0a18",
              "parentUUID": "65934f5f-ae2a-441d-89d0-091b3928cd13",
              "isHook": false,
              "skipped": false
            },
            {
              "title": "Verifica se ao clicar no botão, o quadro de pixels é totalmente preenchido de branco",
              "fullTitle": "9 - Crie um botão que, ao ser clicado, limpa o quadro preenchendo a cor de todos seus pixels com branco. Verifica se ao clicar no botão, o quadro de pixels é totalmente preenchido de branco",
              "timedOut": null,
              "duration": 4362,
              "state": "failed",
              "speed": null,
              "pass": false,
              "fail": true,
              "pending": false,
              "context": null,
              "code": "cy.get('.color').eq(1).then(function (color) {\n  var backgroundColor = color.css('background-color');\n  cy.wrap(color).click();\n  cy.get('.pixel').each(function (pixel) {\n    cy.wrap(pixel).click().should('have.css', 'background-color', backgroundColor);\n  });\n});\ncy.get('#clear-board').click();\ncy.get('.pixel').each(function (pixel) {\n  cy.wrap(pixel).should('have.css', 'background-color', WHITE);\n});",
              "err": {
                "message": "CypressError: Timed out retrying: Expected to find element: '.color', but never found it.",
                "estack": "CypressError: Timed out retrying: Expected to find element: '.color', but never found it.\n    at cypressErr (http://localhost:36215/__cypress/runner/cypress_runner.js:149934:9)\n    at throwErr (http://localhost:36215/__cypress/runner/cypress_runner.js:149867:11)\n    at Object.throwErrByPath (http://localhost:36215/__cypress/runner/cypress_runner.js:149915:3)\n    at retry (http://localhost:36215/__cypress/runner/cypress_runner.js:144197:19)\n    at onFailFn (http://localhost:36215/__cypress/runner/cypress_runner.js:132448:16)\n    at tryCatcher (http://localhost:36215/__cypress/runner/cypress_runner.js:167415:23)\n    at Promise._settlePromiseFromHandler (http://localhost:36215/__cypress/runner/cypress_runner.js:165351:31)\n    at Promise._settlePromise (http://localhost:36215/__cypress/runner/cypress_runner.js:165408:18)\n    at Promise._settlePromise0 (http://localhost:36215/__cypress/runner/cypress_runner.js:165453:10)\n    at Promise._settlePromises (http://localhost:36215/__cypress/runner/cypress_runner.js:165528:18)\n    at Async../node_modules/bluebird/js/release/async.js.Async._drainQueue (http://localhost:36215/__cypress/runner/cypress_runner.js:162140:16)\n    at Async../node_modules/bluebird/js/release/async.js.Async._drainQueues (http://localhost:36215/__cypress/runner/cypress_runner.js:162150:10)\n    at Async.drainQueues (http://localhost:36215/__cypress/runner/cypress_runner.js:162024:14)",
                "diff": null
              },
              "uuid": "a65344ef-e44e-4e8c-ad85-ab693c9145bf",
              "parentUUID": "65934f5f-ae2a-441d-89d0-091b3928cd13",
              "isHook": false,
              "skipped": false
            }
          ],
          "suites": [],
          "passes": [],
          "failures": [
            "ce9d6900-97da-4443-81e0-943132149fd2",
            "51f93f5e-ff26-4f2b-9954-f25e7161307b",
[...]
                "diff": null
              },
              "uuid": "e7c8fec1-2e82-4899-bbdd-f54000c70d27",
              "parentUUID": "fb81ab80-ad59-4568-8e15-2446f2fd80d6",
              "isHook": false,
              "skipped": false
            },
            {
              "title": "Verifica se o novo quadro tem todos os pixels preenchidos com a cor branca",
              "fullTitle": "10 - Faça o quadro de pixels ter seu tamanho definido pelo usuário. Verifica se o novo quadro tem todos os pixels preenchidos com a cor branca",
              "timedOut": null,
              "duration": 4430,
              "state": "failed",
              "speed": null,
              "pass": false,
              "fail": true,
              "pending": false,
              "context": null,
              "code": "cy.get('#board-size').clear().type(6);\ncy.get('#generate-board').click();\ncy.get('.pixel').should('have.length', 36).each(function (pixel) {\n  expect(pixel).to.have.css('background-color', WHITE);\n});",
              "err": {
                "message": "CypressError: Timed out retrying: Expected to find element: '#board-size', but never found it.",
                "estack": "CypressError: Timed out retrying: Expected to find element: '#board-size', but never found it.\n    at cypressErr (http://localhost:36215/__cypress/runner/cypress_runner.js:149934:9)\n    at throwErr (http://localhost:36215/__cypress/runner/cypress_runner.js:149867:11)\n    at Object.throwErrByPath (http://localhost:36215/__cypress/runner/cypress_runner.js:149915:3)\n    at retry (http://localhost:36215/__cypress/runner/cypress_runner.js:144197:19)\n    at onFailFn (http://localhost:36215/__cypress/runner/cypress_runner.js:132448:16)\n    at tryCatcher (http://localhost:36215/__cypress/runner/cypress_runner.js:167415:23)\n    at Promise._settlePromiseFromHandler (http://localhost:36215/__cypress/runner/cypress_runner.js:165351:31)\n    at Promise._settlePromise (http://localhost:36215/__cypress/runner/cypress_runner.js:165408:18)\n    at Promise._settlePromise0 (http://localhost:36215/__cypress/runner/cypress_runner.js:165453:10)\n    at Promise._settlePromises (http://localhost:36215/__cypress/runner/cypress_runner.js:165528:18)\n    at Async../node_modules/bluebird/js/release/async.js.Async._drainQueue (http://localhost:36215/__cypress/runner/cypress_runner.js:162140:16)\n    at Async../node_modules/bluebird/js/release/async.js.Async._drainQueues (http://localhost:36215/__cypress/runner/cypress_runner.js:162150:10)\n    at Async.drainQueues (http://localhost:36215/__cypress/runner/cypress_runner.js:162024:14)",
                "diff": null
              },
              "uuid": "61fef8e9-0840-4d91-be24-7bf85595c127",
              "parentUUID": "fb81ab80-ad59-4568-8e15-2446f2fd80d6",
              "isHook": false,
              "skipped": false
            }
          ],
          "suites": [],
          "passes": [],
          "failures": [
            "94404e12-ff6c-4ea6-9166-0cf39b3cc406",
            "eec32b70-80e5-40b9-96df-f50079980883",
            "5ad46584-2814-4a87-8739-d34219063dbd",
            "8cc20ac5-8c08-4ec5-a807-95c9f1d9b3c3",
            "daaf7c0f-0cdc-4ae9-b07b-fbc48ff3cf64",
            "fd75b23c-8895-46ce-a3c6-ca166a7fb831",
            "31b3bbc3-a24e-4781-8a74-4221b37af7fb",
            "e7c8fec1-2e82-4899-bbdd-f54000c70d27",
            "61fef8e9-0840-4d91-be24-7bf85595c127"
          ],
          "pending": [],
          "skipped": [],
          "duration": 39581,
          "root": false,
          "rootEmpty": false,
          "_timeout": 2000
        },
        {
          "uuid": "211fa2d3-27f2-4bdf-bb9b-6410de04e350",
          "title": "11 - Limite o tamanho mínimo e máximo do board.",
          "fullFile": "",
          "file": "",
          "beforeHooks": [],
          "afterHooks": [],
          "tests": [
            {
              "title": "Verifica se a altura máxima do board é 50",
              "fullTitle": "11 - Limite o tamanho mínimo e máximo do board. Verifica se a altura máxima do board é 50",
              "timedOut": null,
              "duration": 4404,
              "state": "failed",
              "speed": null,
              "pass": false,
              "fail": true,
              "pending": false,
              "context": null,
              "code": "cy.get('#board-size').clear().type(50);\ncy.get('#generate-board').click();\ncy.get('.pixel').should('have.length', 2500);",
              "err": {
                "message": "CypressError: Timed out retrying: Expected to find element: '#board-size', but never found it.",
                "estack": "CypressError: Timed out retrying: Expected to find element: '#board-size', but never found it.\n    at cypressErr (http://localhost:36215/__cypress/runner/cypress_runner.js:149934:9)\n    at throwErr (http://localhost:36215/__cypress/runner/cypress_runner.js:149867:11)\n    at Object.throwErrByPath (http://localhost:36215/__cypress/runner/cypress_runner.js:149915:3)\n    at retry (http://localhost:36215/__cypress/runner/cypress_runner.js:144197:19)\n    at onFailFn (http://localhost:36215/__cypress/runner/cypress_runner.js:132448:16)\n    at tryCatcher (http://localhost:36215/__cypress/runner/cypress_runner.js:167415:23)\n    at Promise._settlePromiseFromHandler (http://localhost:36215/__cypress/runner/cypress_runner.js:165351:31)\n    at Promise._settlePromise (http://localhost:36215/__cypress/runner/cypress_runner.js:165408:18)\n    at Promise._settlePromise0 (http://localhost:36215/__cypress/runner/cypress_runner.js:165453:10)\n    at Promise._settlePromises (http://localhost:36215/__cypress/runner/cypress_runner.js:165528:18)\n    at Async../node_modules/bluebird/js/release/async.js.Async._drainQueue (http://localhost:36215/__cypress/runner/cypress_runner.js:162140:16)\n    at Async../node_modules/bluebird/js/release/async.js.Async._drainQueues (http://localhost:36215/__cypress/runner/cypress_runner.js:162150:10)\n    at Async.drainQueues (http://localhost:36215/__cypress/runner/cypress_runner.js:162024:14)",
                "diff": null
              },
              "uuid": "de9e6276-06c1-4ca5-b98e-490240ea531c",
              "parentUUID": "211fa2d3-27f2-4bdf-bb9b-6410de04e350",
              "isHook": false,
              "skipped": false
            },
            {
              "title": "Verifica se a altura do board é 5 quando um valor menor é colocado no input",
              "fullTitle": "11 - Limite o tamanho mínimo e máximo do board. Verifica se a altura do board é 5 quando um valor menor é colocado no input",
              "timedOut": null,
              "duration": 4429,
              "state": "failed",
              "speed": null,
              "pass": false,
              "fail": true,
              "pending": false,
              "context": null,
              "code": "cy.get('#board-size').clear().type(4);\ncy.get('#generate-board').click();\ncy.get('.pixel').should('have.length', 25);",
              "err": {
                "message": "CypressError: Timed out retrying: Expected to find element: '#board-size', but never found it.",
                "estack": "CypressError: Timed out retrying: Expected to find element: '#board-size', but never found it.\n    at cypressErr (http://localhost:36215/__cypress/runner/cypress_runner.js:149934:9)\n    at throwErr (http://localhost:36215/__cypress/runner/cypress_runner.js:149867:11)\n    at Object.throwErrByPath (http://localhost:36215/__cypress/runner/cypress_runner.js:149915:3)\n    at retry (http://localhost:36215/__cypress/runner/cypress_runner.js:144197:19)\n    at onFailFn (http://localhost:36215/__cypress/runner/cypress_runner.js:132448:16)\n    at tryCatcher (http://localhost:36215/__cypress/runner/cypress_runner.js:167415:23)\n    at Promise._settlePromiseFromHandler (http://localhost:36215/__cypress/runner/cypress_runner.js:165351:31)\n    at Promise._settlePromise (http://localhost:36215/__cypress/runner/cypress_runner.js:165408:18)\n    at Promise._settlePromise0 (http://localhost:36215/__cypress/runner/cypress_runner.js:165453:10)\n    at Promise._settlePromises (http://localhost:36215/__cypress/runner/cypress_runner.js:165528:18)\n    at Async../node_modules/bluebird/js/release/async.js.Async._drainQueue (http://localhost:36215/__cypress/runner/cypress_runner.js:162140:16)\n    at Async../node_modules/bluebird/js/release/async.js.Async._drainQueues (http://localhost:36215/__cypress/runner/cypress_runner.js:162150:10)\n    at Async.drainQueues (http://localhost:36215/__cypress/runner/cypress_runner.js:162024:14)",
                "diff": null
              },
              "uuid": "fd14c722-dfc4-4407-ae9c-bb62f0de8c05",
              "parentUUID": "211fa2d3-27f2-4bdf-bb9b-6410de04e350",
              "isHook": false,
              "skipped": false
            },
            {
              "title": "Verifica se a altura do board é 50 quando um valor maior é colocado no input",
              "fullTitle": "11 - Limite o tamanho mínimo e máximo do board. Verifica se a altura do board é 50 quando um valor maior é colocado no input",
              "timedOut": null,
              "duration": 4376,
              "state": "failed",
              "speed": null,
              "pass": false,
              "fail": true,
              "pending": false,
              "context": null,
              "code": "cy.get('#board-size').clear().type(51);\ncy.get('#generate-board').click();\ncy.get('.pixel').should('have.length', 2500);",
              "err": {
                "message": "CypressError: Timed out retrying: Expected to find element: '#board-size', but never found it.",
                "estack": "CypressError: Timed out retrying: Expected to find element: '#board-size', but never found it.\n    at cypressErr (http://localhost:36215/__cypress/runner/cypress_runner.js:149934:9)\n    at throwErr (http://localhost:36215/__cypress/runner/cypress_runner.js:149867:11)\n    at Object.throwErrByPath (http://localhost:36215/__cypress/runner/cypress_runner.js:149915:3)\n    at retry (http://localhost:36215/__cypress/runner/cypress_runner.js:144197:19)\n    at onFailFn (http://localhost:36215/__cypress/runner/cypress_runner.js:132448:16)\n    at tryCatcher (http://localhost:36215/__cypress/runner/cypress_runner.js:167415:23)\n    at Promise._settlePromiseFromHandler (http://localhost:36215/__cypress/runner/cypress_runner.js:165351:31)\n    at Promise._settlePromise (http://localhost:36215/__cypress/runner/cypress_runner.js:165408:18)\n    at Promise._settlePromise0 (http://localhost:36215/__cypress/runner/cypress_runner.js:165453:10)\n    at Promise._settlePromises (http://localhost:36215/__cypress/runner/cypress_runner.js:165528:18)\n    at Async../node_modules/bluebird/js/release/async.js.Async._drainQueue (http://localhost:36215/__cypress/runner/cypress_runner.js:162140:16)\n    at Async../node_modules/bluebird/js/release/async.js.Async._drainQueues (http://localhost:36215/__cypress/runner/cypress_runner.js:162150:10)\n    at Async.drainQueues (http://localhost:36215/__cypress/runner/cypress_runner.js:162024:14)",
                "diff": null
              },
              "uuid": "67457db7-c658-4d0e-aede-0857f7abc608",
              "parentUUID": "211fa2d3-27f2-4bdf-bb9b-6410de04e350",
              "isHook": false,
              "skipped": false
            }
          ],
          "suites": [],
          "passes": [],
          "failures": [
            "de9e6276-06c1-4ca5-b98e-490240ea531c",
            "fd14c722-dfc4-4407-ae9c-bb62f0de8c05",
            "67457db7-c658-4d0e-aede-0857f7abc608"
          ],
          "pending": [],
          "skipped": [],
          "duration": 13209,
          "root": false,
          "rootEmpty": false,
          "_timeout": 2000
        },
        {
          "uuid": "72ec6696-58ff-40cf-acd5-7d6ec423fff2",
          "title": "12 - Faça com que as cores da paleta sejam geradas aleatoriamente ao carregar a página.",
          "fullFile": "",
          "file": "",
          "beforeHooks": [],
          "afterHooks": [],
          "tests": [
            {
              "title": "Verifica se as cores geradas na paleta são diferentes a cada carregamento da página",
              "fullTitle": "12 - Faça com que as cores da paleta sejam geradas aleatoriamente ao carregar a página. Verifica se as cores geradas na paleta são diferentes a cada carregamento da página",
              "timedOut": null,
              "duration": 4445,
              "state": "failed",
              "speed": null,
              "pass": false,
              "fail": true,
              "pending": false,
              "context": null,
              "code": "cy.get('.color').then(function (colors) {\n  var currentColors;\n  var previousColors;\n  previousColors = Array.from(colors).map(function (color) {\n    return Cypress.$(color).css('background-color');\n  });\n  for (var i = 0; i < 5; i += 1) {\n    cy.reload();\n    cy.get('.color').then(function (colors) {\n      currentColors = Array.from(colors).map(function (color) {\n        return Cypress.$(color).css('background-color');\n      });\n      expect(currentColors).not.to.deep.equal(previousColors);\n      previousColors = currentColors;\n    });\n  }\n});",
              "err": {
                "message": "CypressError: Timed out retrying: Expected to find element: '.color', but never found it.",
                "estack": "CypressError: Timed out retrying: Expected to find element: '.color', but never found it.\n    at cypressErr (http://localhost:36215/__cypress/runner/cypress_runner.js:149934:9)\n    at throwErr (http://localhost:36215/__cypress/runner/cypress_runner.js:149867:11)\n    at Object.throwErrByPath (http://localhost:36215/__cypress/runner/cypress_runner.js:149915:3)\n    at retry (http://localhost:36215/__cypress/runner/cypress_runner.js:144197:19)\n    at onFailFn (http://localhost:36215/__cypress/runner/cypress_runner.js:132448:16)\n    at tryCatcher (http://localhost:36215/__cypress/runner/cypress_runner.js:167415:23)\n    at Promise._settlePromiseFromHandler (http://localhost:36215/__cypress/runner/cypress_runner.js:165351:31)\n    at Promise._settlePromise (http://localhost:36215/__cypress/runner/cypress_runner.js:165408:18)\n    at Promise._settlePromise0 (http://localhost:36215/__cypress/runner/cypress_runner.js:165453:10)\n    at Promise._settlePromises (http://localhost:36215/__cypress/runner/cypress_runner.js:165528:18)\n    at Async../node_modules/bluebird/js/release/async.js.Async._drainQueue (http://localhost:36215/__cypress/runner/cypress_runner.js:162140:16)\n    at Async../node_modules/bluebird/js/release/async.js.Async._drainQueues (http://localhost:36215/__cypress/runner/cypress_runner.js:162150:10)\n    at Async.drainQueues (http://localhost:36215/__cypress/runner/cypress_runner.js:162024:14)",
                "diff": null
              },
              "uuid": "c8221876-4d32-4ca0-8bad-19455a9e9edb",
              "parentUUID": "72ec6696-58ff-40cf-acd5-7d6ec423fff2",
              "isHook": false,
              "skipped": false
            },
            {
              "title": "Verifica se a cor preta ainda está presente e é a primeira na sua paleta de cores",
              "fullTitle": "12 - Faça com que as cores da paleta sejam geradas aleatoriamente ao carregar a página. Verifica se a cor preta ainda está presente e é a primeira na sua paleta de cores",
              "timedOut": null,
              "duration": 4398,
              "state": "failed",
              "speed": null,
              "pass": false,
              "fail": true,
              "pending": false,
              "context": null,
              "code": "cy.get('.color').then(function (colors) {\n  var currentColors;\n  var previousColors;\n  previousColors = Array.from(colors).map(function (color) {\n    return Cypress.$(color).css('background-color');\n  });\n  expect(previousColors[0]).to.eq(BLACK);\n  for (var i = 0; i < 5; i += 1) {\n    cy.reload();\n    cy.get('.color').then(function (colors) {\n      currentColors = Array.from(colors).map(function (color) {\n        return Cypress.$(color).css('background-color');\n      });\n      expect(currentColors[0]).to.eq(BLACK);\n      expect(currentColors).not.to.deep.equal(previousColors);\n      previousColors = currentColors;\n    });\n  }\n});",
              "err": {
                "message": "CypressError: Timed out retrying: Expected to find element: '.color', but never found it.",
                "estack": "CypressError: Timed out retrying: Expected to find element: '.color', but never found it.\n    at cypressErr (http://localhost:36215/__cypress/runner/cypress_runner.js:149934:9)\n    at throwErr (http://localhost:36215/__cypress/runner/cypress_runner.js:149867:11)\n    at Object.throwErrByPath (http://localhost:36215/__cypress/runner/cypress_runner.js:149915:3)\n    at retry (http://localhost:36215/__cypress/runner/cypress_runner.js:144197:19)\n    at onFailFn (http://localhost:36215/__cypress/runner/cypress_runner.js:132448:16)\n    at tryCatcher (http://localhost:36215/__cypress/runner/cypress_runner.js:167415:23)\n    at Promise._settlePromiseFromHandler (http://localhost:36215/__cypress/runner/cypress_runner.js:165351:31)\n    at Promise._settlePromise (http://localhost:36215/__cypress/runner/cypress_runner.js:165408:18)\n    at Promise._settlePromise0 (http://localhost:36215/__cypress/runner/cypress_runner.js:165453:10)\n    at Promise._settlePromises (http://localhost:36215/__cypress/runner/cypress_runner.js:165528:18)\n    at Async../node_modules/bluebird/js/release/async.js.Async._drainQueue (http://localhost:36215/__cypress/runner/cypress_runner.js:162140:16)\n    at Async../node_modules/bluebird/js/release/async.js.Async._drainQueues (http://localhost:36215/__cypress/runner/cypress_runner.js:162150:10)\n    at Async.drainQueues (http://localhost:36215/__cypress/runner/cypress_runner.js:162024:14)",
                "diff": null
              },
              "uuid": "8fcaaac7-ec70-4fc3-a3bd-a08524f5edbd",
              "parentUUID": "72ec6696-58ff-40cf-acd5-7d6ec423fff2",
              "isHook": false,
              "skipped": false
            }
          ],
          "suites": [],
          "passes": [],
          "failures": [
            "c8221876-4d32-4ca0-8bad-19455a9e9edb",
            "8fcaaac7-ec70-4fc3-a3bd-a08524f5edbd"
          ],
          "pending": [],
          "skipped": [],
          "duration": 8843,
          "root": false,
          "rootEmpty": false,
          "_timeout": 2000
        }
      ],
      "passes": [],
      "failures": [],
      "pending": [],
      "skipped": [],
      "duration": 0,
      "root": true,
      "rootEmpty": true,
      "_timeout": 2000
    }
  ],
  "meta": {
    "mocha": {
      "version": "7.0.1"
    },
    "mochawesome": {
      "options": {
        "quiet": false,
        "reportFilename": "mochawesome",
        "saveHtml": false,
        "saveJson": true,
        "consoleReporter": "spec",
        "useInlineDiffs": false
      },
      "version": "4.1.0"
    },
    "marge": {
      "options": {
        "id": "default",
        "reportDir": "cypress/reports",
        "overwrite": true,
        "html": false,
        "json": true
      },
      "version": "4.1.0"
    }
  }
}